<?xml version="1.0" encoding="UTF-8"?>
<testsuites name="Demo" tests="1" time="0.000">
  <testsuite name="Landing Page" id="af003c49-76e4-4881-845a-dc5daeaab75c" timestamp="2023-05-01T18:09:08.010Z" tests="1" failures="1" errors="2" time="0.000">
    <system-err><![CDATA[Iteration: 0
RequestError: Error: connect ECONNREFUSED 127.0.0.1:443
    at TCPConnectWrap.afterConnect [as oncomplete] (net.js:1146:16)

---
testScriptError: Unexpected token u in JSON at position 0
---
]]></system-err>
    <testcase name="Status code is OK" time="0.000" classname="Demo">
      <failure type="AssertionFailure" message="expected { Object (id, _details, ...) } to have property 'code'">
        <![CDATA[Failed 1 times.]]>
        <![CDATA[Collection JSON ID: 40b53983-dc4a-4652-b224-ad39d3f70bc6.]]>
        <![CDATA[Collection name: Demo.]]>
        <![CDATA[Request name: Landing Page.]]>
        <![CDATA[Test description: Status code is OK.]]>
        <![CDATA[Error message: expected { Object (id, _details, ...) } to have property 'code'.]]>
        <![CDATA[Stacktrace: AssertionError: expected { Object (id, _details, ...) } to have property 'code'
   at Object.eval sandbox-script.js:1:1).]]>
      </failure>
    </testcase>
  </testsuite>
</testsuites>